#
# There is insufficient memory for the Java Runtime Environment to continue.
# Native memory allocation (mmap) failed to map 65536 bytes for Failed to commit metaspace.
# Possible reasons:
#   The system is out of physical RAM or swap space
#   The process is running with CompressedOops enabled, and the Java Heap may be blocking the growth of the native heap
# Possible solutions:
#   Reduce memory load on the system
#   Increase physical memory or swap space
#   Check if swap backing store is full
#   Decrease Java heap size (-Xmx/-Xms)
#   Decrease number of Java threads
#   Decrease Java thread stack sizes (-Xss)
#   Set larger code cache with -XX:ReservedCodeCacheSize=
#   JVM is running with Zero Based Compressed Oops mode in which the Java heap is
#     placed in the first 32GB address space. The Java Heap base address is the
#     maximum limit for the native heap growth. Please use -XX:HeapBaseMinAddress
#     to set the Java Heap base and to place the Java Heap above 32GB virtual address.
# This output file may be truncated or incomplete.
#
#  Out of Memory Error (virtualSpaceNode.cpp:110), pid=17532, tid=5616
#
# JRE version: Java(TM) SE Runtime Environment (17.0.2+8) (build 17.0.2+8-LTS-86)
# Java VM: Java HotSpot(TM) 64-Bit Server VM (17.0.2+8-LTS-86, mixed mode, sharing, tiered, compressed oops, compressed class ptrs, g1 gc, windows-amd64)
# No core dump will be written. Minidumps are not enabled by default on client versions of Windows
#

---------------  S U M M A R Y ------------

Command Line: -javaagent:C:\Program Files\JetBrains\IntelliJ IDEA 2021.3.2\lib\idea_rt.jar=60343:C:\Program Files\JetBrains\IntelliJ IDEA 2021.3.2\bin -Dfile.encoding=UTF-8 io.codelex.oop.Exercise2.MainClass

Host: AMD Ryzen 5 3600X 6-Core Processor             , 12 cores, 15G,  Windows 10 , 64 bit Build 19041 (10.0.19041.1566)
Time: Thu Mar 17 20:59:54 2022 FLE Standard Time elapsed time: 0.084905 seconds (0d 0h 0m 0s)

---------------  T H R E A D  ---------------

Current thread (0x00000246ef06bb30):  JavaThread "main" [_thread_in_vm, id=5616, stack(0x0000006bb0400000,0x0000006bb0500000)]

Stack: [0x0000006bb0400000,0x0000006bb0500000]
Native frames: (J=compiled Java code, j=interpreted, Vv=VM code, C=native code)
V  [jvm.dll+0x670baa]
V  [jvm.dll+0x7cfcb4]
V  [jvm.dll+0x7d145e]
V  [jvm.dll+0x7d1ac3]
V  [jvm.dll+0x242bc5]
V  [jvm.dll+0x7cbc5b]
V  [jvm.dll+0x616966]
V  [jvm.dll+0x6169ca]
V  [jvm.dll+0x6191da]
V  [jvm.dll+0x617306]
V  [jvm.dll+0x65315b]
V  [jvm.dll+0x367df5]
V  [jvm.dll+0x367d18]
V  [jvm.dll+0x37b8f7]
C  0x000002468001ba40

Java frames: (J=compiled Java code, j=interpreted, Vv=VM code)
j  sun.util.calendar.ZoneInfoFile.getZoneInfo(Ljava/io/DataInput;Ljava/lang/String;)Lsun/util/calendar/ZoneInfo;+159 java.base@17.0.2
j  sun.util.calendar.ZoneInfoFile.getZoneInfo0(Ljava/lang/String;)Lsun/util/calendar/ZoneInfo;+92 java.base@17.0.2
j  sun.util.calendar.ZoneInfoFile.getZoneInfo(Ljava/lang/String;)Lsun/util/calendar/ZoneInfo;+7 java.base@17.0.2
j  sun.util.calendar.ZoneInfo.getTimeZone(Ljava/lang/String;)Ljava/util/TimeZone;+1 java.base@17.0.2
j  java.util.TimeZone.getTimeZone(Ljava/lang/String;Z)Ljava/util/TimeZone;+1 java.base@17.0.2
j  java.util.TimeZone.setDefaultZone()Ljava/util/TimeZone;+48 java.base@17.0.2
j  java.util.TimeZone.getDefaultRef()Ljava/util/TimeZone;+8 java.base@17.0.2
j  java.util.TimeZone.getDefault()Ljava/util/TimeZone;+0 java.base@17.0.2
j  java.time.ZoneId.systemDefault()Ljava/time/ZoneId;+0 java.base@17.0.2
j  java.time.Clock.systemDefaultZone()Ljava/time/Clock;+4 java.base@17.0.2
j  java.time.LocalDate.now()Ljava/time/LocalDate;+0 java.base@17.0.2
j  io.codelex.oop.Exercise2.Employee.getWorkExpierence(Ljava/lang/String;)J+7
j  io.codelex.oop.Exercise2.Employee.getInfo()Ljava/lang/String;+15
j  io.codelex.oop.Exercise2.MainClass.main([Ljava/lang/String;)V+18
v  ~StubRoutines::call_stub

---------------  P R O C E S S  ---------------

Threads class SMR info:
_java_thread_list=0x00000246ffd08a50, length=13, elements={
0x00000246ef06bb30, 0x00000246ff25d590, 0x00000246ff25e400, 0x00000246ff270bc0,
0x00000246ff2744a0, 0x00000246ff274e50, 0x00000246ff275fa0, 0x00000246ff277c70,
0x00000246ff282d40, 0x00000246ff288a20, 0x00000246ff246e20, 0x00000246ffde87d0,
0x00000246ffde9530
}

Java Threads: ( => current thread )
=>0x00000246ef06bb30 JavaThread "main" [_thread_in_vm, id=5616, stack(0x0000006bb0400000,0x0000006bb0500000)]
  0x00000246ff25d590 JavaThread "Reference Handler" daemon [_thread_blocked, id=15096, stack(0x0000006bb0b00000,0x0000006bb0c00000)]
  0x00000246ff25e400 JavaThread "Finalizer" daemon [_thread_blocked, id=16332, stack(0x0000006bb0c00000,0x0000006bb0d00000)]
  0x00000246ff270bc0 JavaThread "Signal Dispatcher" daemon [_thread_blocked, id=18220, stack(0x0000006bb0d00000,0x0000006bb0e00000)]
  0x00000246ff2744a0 JavaThread "Attach Listener" daemon [_thread_blocked, id=8812, stack(0x0000006bb0e00000,0x0000006bb0f00000)]
  0x00000246ff274e50 JavaThread "Service Thread" daemon [_thread_blocked, id=18256, stack(0x0000006bb0f00000,0x0000006bb1000000)]
  0x00000246ff275fa0 JavaThread "Monitor Deflation Thread" daemon [_thread_blocked, id=5728, stack(0x0000006bb1000000,0x0000006bb1100000)]
  0x00000246ff277c70 JavaThread "C2 CompilerThread0" daemon [_thread_blocked, id=13868, stack(0x0000006bb1100000,0x0000006bb1200000)]
  0x00000246ff282d40 JavaThread "C1 CompilerThread0" daemon [_thread_in_vm, id=16420, stack(0x0000006bb1200000,0x0000006bb1300000)]
  0x00000246ff288a20 JavaThread "Sweeper thread" daemon [_thread_blocked, id=11840, stack(0x0000006bb1300000,0x0000006bb1400000)]
  0x00000246ff246e20 JavaThread "Common-Cleaner" daemon [_thread_blocked, id=16756, stack(0x0000006bb1400000,0x0000006bb1500000)]
  0x00000246ffde87d0 JavaThread "Monitor Ctrl-Break" daemon [_thread_in_native, id=6772, stack(0x0000006bb1500000,0x0000006bb1600000)]
  0x00000246ffde9530 JavaThread "Notification Thread" daemon [_thread_blocked, id=14480, stack(0x0000006bb1600000,0x0000006bb1700000)]

Other Threads:
  0x00000246ff2571e0 VMThread "VM Thread" [stack: 0x0000006bb0a00000,0x0000006bb0b00000] [id=18100]
  0x00000246ffdeb220 WatcherThread [stack: 0x0000006bb1700000,0x0000006bb1800000] [id=4664]
  0x00000246ef0bb640 GCTaskThread "GC Thread#0" [stack: 0x0000006bb0500000,0x0000006bb0600000] [id=11332]
  0x00000246ef0ce4e0 ConcurrentGCThread "G1 Main Marker" [stack: 0x0000006bb0600000,0x0000006bb0700000] [id=16452]
  0x00000246ef0cf690 ConcurrentGCThread "G1 Conc#0" [stack: 0x0000006bb0700000,0x0000006bb0800000] [id=17720]
  0x00000246ef14e560 ConcurrentGCThread "G1 Refine#0" [stack: 0x0000006bb0800000,0x0000006bb0900000] [id=8872]
  0x00000246ff1124c0 ConcurrentGCThread "G1 Service" [stack: 0x0000006bb0900000,0x0000006bb0a00000] [id=17812]

Threads with active compile tasks:
C1 CompilerThread0       93  229       3       java.io.DataInputStream::readShort (40 bytes)

VM state: not at safepoint (normal execution)

VM Mutex/Monitor currently owned by a thread:  ([mutex/lock_event])
[0x00000246ef0674b0] Metaspace_lock - owner thread: 0x00000246ef06bb30
[0x00000246ef066bb0] MultiArray_lock - owner thread: 0x00000246ef06bb30
[0x00000246ef0678a0] MethodData_lock - owner thread: 0x00000246ff282d40

Heap address: 0x0000000700c00000, size: 4084 MB, Compressed Oops mode: Zero based, Oop shift amount: 3

CDS archive(s) mapped at: [0x0000000800000000-0x0000000800bc0000-0x0000000800bc0000), size 12320768, SharedBaseAddress: 0x0000000800000000, ArchiveRelocationMode: 0.
Compressed class space mapped at: 0x0000000800c00000-0x0000000840c00000, reserved size: 1073741824
Narrow klass base: 0x0000000800000000, Narrow klass shift: 0, Narrow klass range: 0x100000000

GC Precious Log:
 CPUs: 12 total, 12 available
 Memory: 16332M
 Large Page Support: Disabled
 NUMA Support: Disabled
 Compressed Oops: Enabled (Zero based)
 Heap Region Size: 2M
 Heap Min Capacity: 8M
 Heap Initial Capacity: 256M
 Heap Max Capacity: 4084M
 Pre-touch: Disabled
 Parallel Workers: 10
 Concurrent Workers: 3
 Concurrent Refinement Workers: 10
 Periodic GC: Disabled

Heap:
 garbage-first heap   total 262144K, used 2048K [0x0000000700c00000, 0x0000000800000000)
  region size 2048K, 2 young (4096K), 0 survivors (0K)
 Metaspace       used 778K, committed 896K, reserved 1056768K
  class space    used 68K, committed 128K, reserved 1048576K

Heap Regions: E=young(eden), S=young(survivor), O=old, HS=humongous(starts), HC=humongous(continues), CS=collection set, F=free, OA=open archive, CA=closed archive, TAMS=top-at-mark-start (previous, next)
|   0|0x0000000700c00000, 0x0000000700c00000, 0x0000000700e00000|  0%| F|  |TAMS 0x0000000700c00000, 0x0000000700c00000| Untracked 
|   1|0x0000000700e00000, 0x0000000700e00000, 0x0000000701000000|  0%| F|  |TAMS 0x0000000700e00000, 0x0000000700e00000| Untracked 
|   2|0x0000000701000000, 0x0000000701000000, 0x0000000701200000|  0%| F|  |TAMS 0x0000000701000000, 0x0000000701000000| Untracked 
|   3|0x0000000701200000, 0x0000000701200000, 0x0000000701400000|  0%| F|  |TAMS 0x0000000701200000, 0x0000000701200000| Untracked 
|   4|0x0000000701400000, 0x0000000701400000, 0x0000000701600000|  0%| F|  |TAMS 0x0000000701400000, 0x0000000701400000| Untracked 
|   5|0x0000000701600000, 0x0000000701600000, 0x0000000701800000|  0%| F|  |TAMS 0x0000000701600000, 0x0000000701600000| Untracked 
|   6|0x0000000701800000, 0x0000000701800000, 0x0000000701a00000|  0%| F|  |TAMS 0x0000000701800000, 0x0000000701800000| Untracked 
|   7|0x0000000701a00000, 0x0000000701a00000, 0x0000000701c00000|  0%| F|  |TAMS 0x0000000701a00000, 0x0000000701a00000| Untracked 
|   8|0x0000000701c00000, 0x0000000701c00000, 0x0000000701e00000|  0%| F|  |TAMS 0x0000000701c00000, 0x0000000701c00000| Untracked 
|   9|0x0000000701e00000, 0x0000000701e00000, 0x0000000702000000|  0%| F|  |TAMS 0x0000000701e00000, 0x0000000701e00000| Untracked 
|  10|0x0000000702000000, 0x0000000702000000, 0x0000000702200000|  0%| F|  |TAMS 0x0000000702000000, 0x0000000702000000| Untracked 
|  11|0x0000000702200000, 0x0000000702200000, 0x0000000702400000|  0%| F|  |TAMS 0x0000000702200000, 0x0000000702200000| Untracked 
|  12|0x0000000702400000, 0x0000000702400000, 0x0000000702600000|  0%| F|  |TAMS 0x0000000702400000, 0x0000000702400000| Untracked 
|  13|0x0000000702600000, 0x0000000702600000, 0x0000000702800000|  0%| F|  |TAMS 0x0000000702600000, 0x0000000702600000| Untracked 
|  14|0x0000000702800000, 0x0000000702800000, 0x0000000702a00000|  0%| F|  |TAMS 0x0000000702800000, 0x0000000702800000| Untracked 
|  15|0x0000000702a00000, 0x0000000702a00000, 0x0000000702c00000|  0%| F|  |TAMS 0x0000000702a00000, 0x0000000702a00000| Untracked 
|  16|0x0000000702c00000, 0x0000000702c00000, 0x0000000702e00000|  0%| F|  |TAMS 0x0000000702c00000, 0x0000000702c00000| Untracked 
|  17|0x0000000702e00000, 0x0000000702e00000, 0x0000000703000000|  0%| F|  |TAMS 0x0000000702e00000, 0x0000000702e00000| Untracked 
|  18|0x0000000703000000, 0x0000000703000000, 0x0000000703200000|  0%| F|  |TAMS 0x0000000703000000, 0x0000000703000000| Untracked 
|  19|0x0000000703200000, 0x0000000703200000, 0x0000000703400000|  0%| F|  |TAMS 0x0000000703200000, 0x0000000703200000| Untracked 
|  20|0x0000000703400000, 0x0000000703400000, 0x0000000703600000|  0%| F|  |TAMS 0x0000000703400000, 0x0000000703400000| Untracked 
|  21|0x0000000703600000, 0x0000000703600000, 0x0000000703800000|  0%| F|  |TAMS 0x0000000703600000, 0x0000000703600000| Untracked 
|  22|0x0000000703800000, 0x0000000703800000, 0x0000000703a00000|  0%| F|  |TAMS 0x0000000703800000, 0x0000000703800000| Untracked 
|  23|0x0000000703a00000, 0x0000000703a00000, 0x0000000703c00000|  0%| F|  |TAMS 0x0000000703a00000, 0x0000000703a00000| Untracked 
|  24|0x0000000703c00000, 0x0000000703c00000, 0x0000000703e00000|  0%| F|  |TAMS 0x0000000703c00000, 0x0000000703c00000| Untracked 
|  25|0x0000000703e00000, 0x0000000703e00000, 0x0000000704000000|  0%| F|  |TAMS 0x0000000703e00000, 0x0000000703e00000| Untracked 
|  26|0x0000000704000000, 0x0000000704000000, 0x0000000704200000|  0%| F|  |TAMS 0x0000000704000000, 0x0000000704000000| Untracked 
|  27|0x0000000704200000, 0x0000000704200000, 0x0000000704400000|  0%| F|  |TAMS 0x0000000704200000, 0x0000000704200000| Untracked 
|  28|0x0000000704400000, 0x0000000704400000, 0x0000000704600000|  0%| F|  |TAMS 0x0000000704400000, 0x0000000704400000| Untracked 
|  29|0x0000000704600000, 0x0000000704600000, 0x0000000704800000|  0%| F|  |TAMS 0x0000000704600000, 0x0000000704600000| Untracked 
|  30|0x0000000704800000, 0x0000000704800000, 0x0000000704a00000|  0%| F|  |TAMS 0x0000000704800000, 0x0000000704800000| Untracked 
|  31|0x0000000704a00000, 0x0000000704a00000, 0x0000000704c00000|  0%| F|  |TAMS 0x0000000704a00000, 0x0000000704a00000| Untracked 
|  32|0x0000000704c00000, 0x0000000704c00000, 0x0000000704e00000|  0%| F|  |TAMS 0x0000000704c00000, 0x0000000704c00000| Untracked 
|  33|0x0000000704e00000, 0x0000000704e00000, 0x0000000705000000|  0%| F|  |TAMS 0x0000000704e00000, 0x0000000704e00000| Untracked 
|  34|0x0000000705000000, 0x0000000705000000, 0x0000000705200000|  0%| F|  |TAMS 0x0000000705000000, 0x0000000705000000| Untracked 
|  35|0x0000000705200000, 0x0000000705200000, 0x0000000705400000|  0%| F|  |TAMS 0x0000000705200000, 0x0000000705200000| Untracked 
|  36|0x0000000705400000, 0x0000000705400000, 0x0000000705600000|  0%| F|  |TAMS 0x0000000705400000, 0x0000000705400000| Untracked 
|  37|0x0000000705600000, 0x0000000705600000, 0x0000000705800000|  0%| F|  |TAMS 0x0000000705600000, 0x0000000705600000| Untracked 
|  38|0x0000000705800000, 0x0000000705800000, 0x0000000705a00000|  0%| F|  |TAMS 0x0000000705800000, 0x0000000705800000| Untracked 
|  39|0x0000000705a00000, 0x0000000705a00000, 0x0000000705c00000|  0%| F|  |TAMS 0x0000000705a00000, 0x0000000705a00000| Untracked 
|  40|0x0000000705c00000, 0x0000000705c00000, 0x0000000705e00000|  0%| F|  |TAMS 0x0000000705c00000, 0x0000000705c00000| Untracked 
|  41|0x0000000705e00000, 0x0000000705e00000, 0x0000000706000000|  0%| F|  |TAMS 0x0000000705e00000, 0x0000000705e00000| Untracked 
|  42|0x0000000706000000, 0x0000000706000000, 0x0000000706200000|  0%| F|  |TAMS 0x0000000706000000, 0x0000000706000000| Untracked 
|  43|0x0000000706200000, 0x0000000706200000, 0x0000000706400000|  0%| F|  |TAMS 0x0000000706200000, 0x0000000706200000| Untracked 
|  44|0x0000000706400000, 0x0000000706400000, 0x0000000706600000|  0%| F|  |TAMS 0x0000000706400000, 0x0000000706400000| Untracked 
|  45|0x0000000706600000, 0x0000000706600000, 0x0000000706800000|  0%| F|  |TAMS 0x0000000706600000, 0x0000000706600000| Untracked 
|  46|0x0000000706800000, 0x0000000706800000, 0x0000000706a00000|  0%| F|  |TAMS 0x0000000706800000, 0x0000000706800000| Untracked 
|  47|0x0000000706a00000, 0x0000000706a00000, 0x0000000706c00000|  0%| F|  |TAMS 0x0000000706a00000, 0x0000000706a00000| Untracked 
|  48|0x0000000706c00000, 0x0000000706c00000, 0x0000000706e00000|  0%| F|  |TAMS 0x0000000706c00000, 0x0000000706c00000| Untracked 
|  49|0x0000000706e00000, 0x0000000706e00000, 0x0000000707000000|  0%| F|  |TAMS 0x0000000706e00000, 0x0000000706e00000| Untracked 
|  50|0x0000000707000000, 0x0000000707000000, 0x0000000707200000|  0%| F|  |TAMS 0x0000000707000000, 0x0000000707000000| Untracked 
|  51|0x0000000707200000, 0x0000000707200000, 0x0000000707400000|  0%| F|  |TAMS 0x0000000707200000, 0x0000000707200000| Untracked 
|  52|0x0000000707400000, 0x0000000707400000, 0x0000000707600000|  0%| F|  |TAMS 0x0000000707400000, 0x0000000707400000| Untracked 
|  53|0x0000000707600000, 0x0000000707600000, 0x0000000707800000|  0%| F|  |TAMS 0x0000000707600000, 0x0000000707600000| Untracked 
|  54|0x0000000707800000, 0x0000000707800000, 0x0000000707a00000|  0%| F|  |TAMS 0x0000000707800000, 0x0000000707800000| Untracked 
|  55|0x0000000707a00000, 0x0000000707a00000, 0x0000000707c00000|  0%| F|  |TAMS 0x0000000707a00000, 0x0000000707a00000| Untracked 
|  56|0x0000000707c00000, 0x0000000707c00000, 0x0000000707e00000|  0%| F|  |TAMS 0x0000000707c00000, 0x0000000707c00000| Untracked 
|  57|0x0000000707e00000, 0x0000000707e00000, 0x0000000708000000|  0%| F|  |TAMS 0x0000000707e00000, 0x0000000707e00000| Untracked 
|  58|0x0000000708000000, 0x0000000708000000, 0x0000000708200000|  0%| F|  |TAMS 0x0000000708000000, 0x0000000708000000| Untracked 
|  59|0x0000000708200000, 0x0000000708200000, 0x0000000708400000|  0%| F|  |TAMS 0x0000000708200000, 0x0000000708200000| Untracked 
|  60|0x0000000708400000, 0x0000000708400000, 0x0000000708600000|  0%| F|  |TAMS 0x0000000708400000, 0x0000000708400000| Untracked 
|  61|0x0000000708600000, 0x0000000708600000, 0x0000000708800000|  0%| F|  |TAMS 0x0000000708600000, 0x0000000708600000| Untracked 
|  62|0x0000000708800000, 0x0000000708800000, 0x0000000708a00000|  0%| F|  |TAMS 0x0000000708800000, 0x0000000708800000| Untracked 
|  63|0x0000000708a00000, 0x0000000708a00000, 0x0000000708c00000|  0%| F|  |TAMS 0x0000000708a00000, 0x0000000708a00000| Untracked 
|  64|0x0000000708c00000, 0x0000000708c00000, 0x0000000708e00000|  0%| F|  |TAMS 0x0000000708c00000, 0x0000000708c00000| Untracked 
|  65|0x0000000708e00000, 0x0000000708e00000, 0x0000000709000000|  0%| F|  |TAMS 0x0000000708e00000, 0x0000000708e00000| Untracked 
|  66|0x0000000709000000, 0x0000000709000000, 0x0000000709200000|  0%| F|  |TAMS 0x0000000709000000, 0x0000000709000000| Untracked 
|  67|0x0000000709200000, 0x0000000709200000, 0x0000000709400000|  0%| F|  |TAMS 0x0000000709200000, 0x0000000709200000| Untracked 
|  68|0x0000000709400000, 0x0000000709400000, 0x0000000709600000|  0%| F|  |TAMS 0x0000000709400000, 0x0000000709400000| Untracked 
|  69|0x0000000709600000, 0x0000000709600000, 0x0000000709800000|  0%| F|  |TAMS 0x0000000709600000, 0x0000000709600000| Untracked 
|  70|0x0000000709800000, 0x0000000709800000, 0x0000000709a00000|  0%| F|  |TAMS 0x0000000709800000, 0x0000000709800000| Untracked 
|  71|0x0000000709a00000, 0x0000000709a00000, 0x0000000709c00000|  0%| F|  |TAMS 0x0000000709a00000, 0x0000000709a00000| Untracked 
|  72|0x0000000709c00000, 0x0000000709c00000, 0x0000000709e00000|  0%| F|  |TAMS 0x0000000709c00000, 0x0000000709c00000| Untracked 
|  73|0x0000000709e00000, 0x0000000709e00000, 0x000000070a000000|  0%| F|  |TAMS 0x0000000709e00000, 0x0000000709e00000| Untracked 
|  74|0x000000070a000000, 0x000000070a000000, 0x000000070a200000|  0%| F|  |TAMS 0x000000070a000000, 0x000000070a000000| Untracked 
|  75|0x000000070a200000, 0x000000070a200000, 0x000000070a400000|  0%| F|  |TAMS 0x000000070a200000, 0x000000070a200000| Untracked 
|  76|0x000000070a400000, 0x000000070a400000, 0x000000070a600000|  0%| F|  |TAMS 0x000000070a400000, 0x000000070a400000| Untracked 
|  77|0x000000070a600000, 0x000000070a600000, 0x000000070a800000|  0%| F|  |TAMS 0x000000070a600000, 0x000000070a600000| Untracked 
|  78|0x000000070a800000, 0x000000070a800000, 0x000000070aa00000|  0%| F|  |TAMS 0x000000070a800000, 0x000000070a800000| Untracked 
|  79|0x000000070aa00000, 0x000000070aa00000, 0x000000070ac00000|  0%| F|  |TAMS 0x000000070aa00000, 0x000000070aa00000| Untracked 
|  80|0x000000070ac00000, 0x000000070ac00000, 0x000000070ae00000|  0%| F|  |TAMS 0x000000070ac00000, 0x000000070ac00000| Untracked 
|  81|0x000000070ae00000, 0x000000070ae00000, 0x000000070b000000|  0%| F|  |TAMS 0x000000070ae00000, 0x000000070ae00000| Untracked 
|  82|0x000000070b000000, 0x000000070b000000, 0x000000070b200000|  0%| F|  |TAMS 0x000000070b000000, 0x000000070b000000| Untracked 
|  83|0x000000070b200000, 0x000000070b200000, 0x000000070b400000|  0%| F|  |TAMS 0x000000070b200000, 0x000000070b200000| Untracked 
|  84|0x000000070b400000, 0x000000070b400000, 0x000000070b600000|  0%| F|  |TAMS 0x000000070b400000, 0x000000070b400000| Untracked 
|  85|0x000000070b600000, 0x000000070b600000, 0x000000070b800000|  0%| F|  |TAMS 0x000000070b600000, 0x000000070b600000| Untracked 
|  86|0x000000070b800000, 0x000000070b800000, 0x000000070ba00000|  0%| F|  |TAMS 0x000000070b800000, 0x000000070b800000| Untracked 
|  87|0x000000070ba00000, 0x000000070ba00000, 0x000000070bc00000|  0%| F|  |TAMS 0x000000070ba00000, 0x000000070ba00000| Untracked 
|  88|0x000000070bc00000, 0x000000070bc00000, 0x000000070be00000|  0%| F|  |TAMS 0x000000070bc00000, 0x000000070bc00000| Untracked 
|  89|0x000000070be00000, 0x000000070be00000, 0x000000070c000000|  0%| F|  |TAMS 0x000000070be00000, 0x000000070be00000| Untracked 
|  90|0x000000070c000000, 0x000000070c000000, 0x000000070c200000|  0%| F|  |TAMS 0x000000070c000000, 0x000000070c000000| Untracked 
|  91|0x000000070c200000, 0x000000070c200000, 0x000000070c400000|  0%| F|  |TAMS 0x000000070c200000, 0x000000070c200000| Untracked 
|  92|0x000000070c400000, 0x000000070c400000, 0x000000070c600000|  0%| F|  |TAMS 0x000000070c400000, 0x000000070c400000| Untracked 
|  93|0x000000070c600000, 0x000000070c600000, 0x000000070c800000|  0%| F|  |TAMS 0x000000070c600000, 0x000000070c600000| Untracked 
|  94|0x000000070c800000, 0x000000070c800000, 0x000000070ca00000|  0%| F|  |TAMS 0x000000070c800000, 0x000000070c800000| Untracked 
|  95|0x000000070ca00000, 0x000000070ca00000, 0x000000070cc00000|  0%| F|  |TAMS 0x000000070ca00000, 0x000000070ca00000| Untracked 
|  96|0x000000070cc00000, 0x000000070cc00000, 0x000000070ce00000|  0%| F|  |TAMS 0x000000070cc00000, 0x000000070cc00000| Untracked 
|  97|0x000000070ce00000, 0x000000070ce00000, 0x000000070d000000|  0%| F|  |TAMS 0x000000070ce00000, 0x000000070ce00000| Untracked 
|  98|0x000000070d000000, 0x000000070d000000, 0x000000070d200000|  0%| F|  |TAMS 0x000000070d000000, 0x000000070d000000| Untracked 
|  99|0x000000070d200000, 0x000000070d200000, 0x000000070d400000|  0%| F|  |TAMS 0x000000070d200000, 0x000000070d200000| Untracked 
| 100|0x000000070d400000, 0x000000070d400000, 0x000000070d600000|  0%| F|  |TAMS 0x000000070d400000, 0x000000070d400000| Untracked 
| 101|0x000000070d600000, 0x000000070d600000, 0x000000070d800000|  0%| F|  |TAMS 0x000000070d600000, 0x000000070d600000| Untracked 
| 102|0x000000070d800000, 0x000000070d800000, 0x000000070da00000|  0%| F|  |TAMS 0x000000070d800000, 0x000000070d800000| Untracked 
| 103|0x000000070da00000, 0x000000070da00000, 0x000000070dc00000|  0%| F|  |TAMS 0x000000070da00000, 0x000000070da00000| Untracked 
| 104|0x000000070dc00000, 0x000000070dc00000, 0x000000070de00000|  0%| F|  |TAMS 0x000000070dc00000, 0x000000070dc00000| Untracked 
| 105|0x000000070de00000, 0x000000070de00000, 0x000000070e000000|  0%| F|  |TAMS 0x000000070de00000, 0x000000070de00000| Untracked 
| 106|0x000000070e000000, 0x000000070e000000, 0x000000070e200000|  0%| F|  |TAMS 0x000000070e000000, 0x000000070e000000| Untracked 
| 107|0x000000070e200000, 0x000000070e200000, 0x000000070e400000|  0%| F|  |TAMS 0x000000070e200000, 0x000000070e200000| Untracked 
| 108|0x000000070e400000, 0x000000070e400000, 0x000000070e600000|  0%| F|  |TAMS 0x000000070e400000, 0x000000070e400000| Untracked 
| 109|0x000000070e600000, 0x000000070e600000, 0x000000070e800000|  0%| F|  |TAMS 0x000000070e600000, 0x000000070e600000| Untracked 
| 110|0x000000070e800000, 0x000000070e800000, 0x000000070ea00000|  0%| F|  |TAMS 0x000000070e800000, 0x000000070e800000| Untracked 
| 111|0x000000070ea00000, 0x000000070ea00000, 0x000000070ec00000|  0%| F|  |TAMS 0x000000070ea00000, 0x000000070ea00000| Untracked 
| 112|0x000000070ec00000, 0x000000070ec00000, 0x000000070ee00000|  0%| F|  |TAMS 0x000000070ec00000, 0x000000070ec00000| Untracked 
| 113|0x000000070ee00000, 0x000000070ee00000, 0x000000070f000000|  0%| F|  |TAMS 0x000000070ee00000, 0x000000070ee00000| Untracked 
| 114|0x000000070f000000, 0x000000070f000000, 0x000000070f200000|  0%| F|  |TAMS 0x000000070f000000, 0x000000070f000000| Untracked 
| 115|0x000000070f200000, 0x000000070f200000, 0x000000070f400000|  0%| F|  |TAMS 0x000000070f200000, 0x000000070f200000| Untracked 
| 116|0x000000070f400000, 0x000000070f400000, 0x000000070f600000|  0%| F|  |TAMS 0x000000070f400000, 0x000000070f400000| Untracked 
| 117|0x000000070f600000, 0x000000070f600000, 0x000000070f800000|  0%| F|  |TAMS 0x000000070f600000, 0x000000070f600000| Untracked 
| 118|0x000000070f800000, 0x000000070f800000, 0x000000070fa00000|  0%| F|  |TAMS 0x000000070f800000, 0x000000070f800000| Untracked 
| 119|0x000000070fa00000, 0x000000070fa00000, 0x000000070fc00000|  0%| F|  |TAMS 0x000000070fa00000, 0x000000070fa00000| Untracked 
| 120|0x000000070fc00000, 0x000000070fc00000, 0x000000070fe00000|  0%| F|  |TAMS 0x000000070fc00000, 0x000000070fc00000| Untracked 
| 121|0x000000070fe00000, 0x000000070fe00000, 0x0000000710000000|  0%| F|  |TAMS 0x000000070fe00000, 0x000000070fe00000| Untracked 
| 122|0x0000000710000000, 0x0000000710000000, 0x0000000710200000|  0%| F|  |TAMS 0x0000000710000000, 0x0000000710000000| Untracked 
| 123|0x0000000710200000, 0x0000000710200000, 0x0000000710400000|  0%| F|  |TAMS 0x0000000710200000, 0x0000000710200000| Untracked 
| 124|0x0000000710400000, 0x0000000710400000, 0x0000000710600000|  0%| F|  |TAMS 0x0000000710400000, 0x0000000710400000| Untracked 
| 125|0x0000000710600000, 0x0000000710600000, 0x0000000710800000|  0%| F|  |TAMS 0x0000000710600000, 0x0000000710600000| Untracked 
| 126|0x0000000710800000, 0x0000000710952970, 0x0000000710a00000| 66%| E|  |TAMS 0x0000000710800000, 0x0000000710800000| Complete 
| 127|0x0000000710a00000, 0x0000000710c00000, 0x0000000710c00000|100%| E|CS|TAMS 0x0000000710a00000, 0x0000000710a00000| Complete 

Card table byte_map: [0x00000246f7630000,0x00000246f7e30000] _byte_map_base: 0x00000246f3e2a000

Marking Bits (Prev, Next): (CMBitMap*) 0x00000246ef0bbc50, (CMBitMap*) 0x00000246ef0bbc90
 Prev Bits: [0x00000246f8630000, 0x00000246fc600000)
 Next Bits: [0x000002468f000000, 0x0000024692fd0000)

Polling page: 0x00000246ecd70000

Metaspace:

Usage:
  Non-class:    710.20 KB used.
      Class:     68.72 KB used.
       Both:    778.91 KB used.

Virtual space:
  Non-class space:        8.00 MB reserved,     768.00 KB (  9%) committed,  1 nodes.
      Class space:        1.00 GB reserved,     128.00 KB ( <1%) committed,  1 nodes.
             Both:        1.01 GB reserved,     896.00 KB ( <1%) committed. 

Chunk freelists:
   Non-Class:  3.97 MB
       Class:  3.74 MB
        Both:  7.71 MB

MaxMetaspaceSize: unlimited
CompressedClassSpaceSize: 1.00 GB
Initial GC threshold: 21.00 MB
Current GC threshold: 21.00 MB
CDS: on
MetaspaceReclaimPolicy: balanced
 - commit_granule_bytes: 65536.
 - commit_granule_words: 8192.
 - virtual_space_node_default_size: 1048576.
 - enlarge_chunks_in_place: 1.
 - new_chunks_are_fully_committed: 0.
 - uncommit_free_chunks: 1.
 - use_allocation_guard: 0.
 - handle_deallocations: 1.


Internal statistics:

num_allocs_failed_limit: 0.
num_arena_births: 10.
num_arena_deaths: 0.
num_vsnodes_births: 2.
num_vsnodes_deaths: 0.
num_space_committed: 14.
num_space_uncommitted: 0.
num_chunks_returned_to_freelist: 0.
num_chunks_taken_from_freelist: 15.
num_chunk_merges: 0.
num_chunk_splits: 8.
num_chunks_enlarged: 4.
num_purges: 0.
num_inconsistent_stats: 0.

CodeHeap 'non-profiled nmethods': size=120000Kb used=68Kb max_used=68Kb free=119931Kb
 bounds [0x0000024687ad0000, 0x0000024687d40000, 0x000002468f000000]
CodeHeap 'profiled nmethods': size=120000Kb used=254Kb max_used=254Kb free=119745Kb
 bounds [0x00000246805a0000, 0x0000024680810000, 0x0000024687ad0000]
CodeHeap 'non-nmethods': size=5760Kb used=1126Kb max_used=1134Kb free=4633Kb
 bounds [0x0000024680000000, 0x0000024680270000, 0x00000246805a0000]
 total_blobs=631 nmethods=222 adapters=322
 compilation: enabled
              stopped_count=0, restarted_count=0
 full_count=0

Compilation events (20 events):
Event: 0.079 Thread 0x00000246ff282d40  210       1       java.lang.invoke.MethodType$ConcurrentWeakInternSet$WeakEntry::hashCode (5 bytes)
Event: 0.080 Thread 0x00000246ff282d40 nmethod 210 0x0000024687ae0d10 code [0x0000024687ae0ea0, 0x0000024687ae0f78]
Event: 0.081 Thread 0x00000246ff282d40  214       3       java.lang.ref.Reference::<init> (25 bytes)
Event: 0.081 Thread 0x00000246ff282d40 nmethod 214 0x00000246805d8b10 code [0x00000246805d8cc0, 0x00000246805d8f58]
Event: 0.081 Thread 0x00000246ff282d40  215       3       java.io.BufferedInputStream::getBufIfOpen (21 bytes)
Event: 0.081 Thread 0x00000246ff282d40 nmethod 215 0x00000246805d9010 code [0x00000246805d91c0, 0x00000246805d9388]
Event: 0.081 Thread 0x00000246ff282d40  216       3       java.lang.StringUTF16::compress (50 bytes)
Event: 0.082 Thread 0x00000246ff282d40 nmethod 216 0x00000246805d9490 code [0x00000246805d9640, 0x00000246805d9898]
Event: 0.082 Thread 0x00000246ff282d40  217  s    3       java.io.BufferedInputStream::read (49 bytes)
Event: 0.082 Thread 0x00000246ff282d40 nmethod 217 0x00000246805d9a10 code [0x00000246805d9be0, 0x00000246805da018]
Event: 0.082 Thread 0x00000246ff282d40  218       3       java.io.DataInputStream::readUTF (501 bytes)
Event: 0.083 Thread 0x00000246ff282d40 nmethod 218 0x00000246805da190 code [0x00000246805da5e0, 0x00000246805dc688]
Event: 0.083 Thread 0x00000246ff282d40  228       3       java.io.DataInputStream::readFully (59 bytes)
Event: 0.083 Thread 0x00000246ff282d40 nmethod 228 0x00000246805dd210 code [0x00000246805dd400, 0x00000246805dd928]
Event: 0.083 Thread 0x00000246ff282d40  227  s    3       java.io.BufferedInputStream::read (113 bytes)
Event: 0.083 Thread 0x00000246ff282d40 nmethod 227 0x00000246805ddb90 code [0x00000246805dddc0, 0x00000246805de5f8]
Event: 0.083 Thread 0x00000246ff282d40  226       3       java.io.BufferedInputStream::read1 (108 bytes)
Event: 0.084 Thread 0x00000246ff282d40 nmethod 226 0x00000246805de890 code [0x00000246805deae0, 0x00000246805df318]
Event: 0.084 Thread 0x00000246ff282d40  224       3       java.util.Objects::checkFromIndexSize (8 bytes)
Event: 0.084 Thread 0x00000246ff282d40 nmethod 224 0x00000246805df610 code [0x00000246805df7c0, 0x00000246805df9e8]

GC Heap History (0 events):
No events

Deoptimization events (0 events):
No events

Classes unloaded (0 events):
No events

Classes redefined (0 events):
No events

Internal exceptions (2 events):
Event: 0.074 Thread 0x00000246ffde87d0 Exception <a 'java/lang/NoSuchMethodError'{0x0000000710875978}: 'java.lang.Object java.lang.invoke.DirectMethodHandle$Holder.invokeStaticInit(java.lang.Object)'> (0x0000000710875978) 
thrown [t:\workspace\open\src\hotspot\share\interpreter\linkResolver.cpp, line 766]
Event: 0.078 Thread 0x00000246ffde87d0 Exception <a 'java/lang/NoSuchMethodError'{0x0000000710883688}: 'void java.lang.invoke.DirectMethodHandle$Holder.invokeStatic(java.lang.Object, java.lang.Object)'> (0x0000000710883688) 
thrown [t:\workspace\open\src\hotspot\share\interpreter\linkResolver.cpp, line 766]

VM Operations (4 events):
Event: 0.045 Executing VM operation: HandshakeAllThreads
Event: 0.045 Executing VM operation: HandshakeAllThreads done
Event: 0.073 Executing VM operation: HandshakeAllThreads
Event: 0.073 Executing VM operation: HandshakeAllThreads done

Events (20 events):
Event: 0.080 loading class sun/nio/ch/NativeThread
Event: 0.080 loading class sun/nio/ch/NativeThread done
Event: 0.080 loading class java/io/BufferedReader
Event: 0.080 loading class java/io/BufferedReader done
Event: 0.080 loading class java/net/Socket$SocketInputStream
Event: 0.080 loading class java/net/Socket$SocketInputStream done
Event: 0.080 loading class sun/nio/ch/NioSocketImpl$1
Event: 0.081 loading class sun/nio/ch/NioSocketImpl$1 done
Event: 0.081 loading class sun/nio/cs/StreamDecoder
Event: 0.081 loading class sun/nio/cs/StreamDecoder done
Event: 0.081 loading class sun/nio/cs/US_ASCII$Decoder
Event: 0.081 loading class sun/nio/cs/US_ASCII$Decoder done
Event: 0.081 loading class sun/nio/ch/Util
Event: 0.081 loading class sun/nio/ch/Util done
Event: 0.081 loading class sun/nio/ch/Util$1
Event: 0.081 loading class sun/nio/ch/Util$1 done
Event: 0.081 loading class sun/nio/ch/Util$BufferCache
Event: 0.082 loading class sun/nio/ch/Util$BufferCache done
Event: 0.082 loading class java/nio/DirectByteBuffer$Deallocator
Event: 0.082 loading class java/nio/DirectByteBuffer$Deallocator done


Dynamic libraries:
0x00007ff736330000 - 0x00007ff736340000 	C:\Program Files\Java\jdk-17.0.2\bin\java.exe
0x00007ffb7f070000 - 0x00007ffb7f265000 	C:\WINDOWS\SYSTEM32\ntdll.dll
0x00007ffb7d980000 - 0x00007ffb7da3e000 	C:\WINDOWS\System32\KERNEL32.DLL
0x00007ffb7cb30000 - 0x00007ffb7cdf8000 	C:\WINDOWS\System32\KERNELBASE.dll
0x00007ffb7ce70000 - 0x00007ffb7cf70000 	C:\WINDOWS\System32\ucrtbase.dll
0x00007ffb79d60000 - 0x00007ffb79d78000 	C:\Program Files\Java\jdk-17.0.2\bin\jli.dll
0x00007ffb79d80000 - 0x00007ffb79d9a000 	C:\Program Files\Java\jdk-17.0.2\bin\VCRUNTIME140.dll
0x00007ffb7e5f0000 - 0x00007ffb7e69e000 	C:\WINDOWS\System32\ADVAPI32.dll
0x00007ffb7ef20000 - 0x00007ffb7efbe000 	C:\WINDOWS\System32\msvcrt.dll
0x00007ffb7edf0000 - 0x00007ffb7ee8c000 	C:\WINDOWS\System32\sechost.dll
0x00007ffb7df70000 - 0x00007ffb7e095000 	C:\WINDOWS\System32\RPCRT4.dll
0x00007ffb7d6b0000 - 0x00007ffb7d850000 	C:\WINDOWS\System32\USER32.dll
0x00007ffb7cf70000 - 0x00007ffb7cf92000 	C:\WINDOWS\System32\win32u.dll
0x00007ffb6e5a0000 - 0x00007ffb6e83a000 	C:\WINDOWS\WinSxS\amd64_microsoft.windows.common-controls_6595b64144ccf1df_6.0.19041.1110_none_60b5254171f9507e\COMCTL32.dll
0x00007ffb7e0a0000 - 0x00007ffb7e0cb000 	C:\WINDOWS\System32\GDI32.dll
0x00007ffb7c8f0000 - 0x00007ffb7c9fb000 	C:\WINDOWS\System32\gdi32full.dll
0x00007ffb7ca00000 - 0x00007ffb7ca9d000 	C:\WINDOWS\System32\msvcp_win.dll
0x00007ffb74ba0000 - 0x00007ffb74baa000 	C:\WINDOWS\SYSTEM32\VERSION.dll
0x00007ffb7e340000 - 0x00007ffb7e370000 	C:\WINDOWS\System32\IMM32.DLL
0x00007ffb79d50000 - 0x00007ffb79d5c000 	C:\Program Files\Java\jdk-17.0.2\bin\vcruntime140_1.dll
0x00007ffb71f30000 - 0x00007ffb71fbd000 	C:\Program Files\Java\jdk-17.0.2\bin\msvcp140.dll
0x00007ffb4b040000 - 0x00007ffb4bc01000 	C:\Program Files\Java\jdk-17.0.2\bin\server\jvm.dll
0x00007ffb7efc0000 - 0x00007ffb7efc8000 	C:\WINDOWS\System32\PSAPI.DLL
0x00007ffb71eb0000 - 0x00007ffb71ed7000 	C:\WINDOWS\SYSTEM32\WINMM.dll
0x00007ffb79420000 - 0x00007ffb79429000 	C:\WINDOWS\SYSTEM32\WSOCK32.dll
0x00007ffb7d640000 - 0x00007ffb7d6ab000 	C:\WINDOWS\System32\WS2_32.dll
0x00007ffb7a720000 - 0x00007ffb7a732000 	C:\WINDOWS\SYSTEM32\kernel.appcore.dll
0x00007ffb79370000 - 0x00007ffb7937a000 	C:\Program Files\Java\jdk-17.0.2\bin\jimage.dll
0x00007ffb64fe0000 - 0x00007ffb651c4000 	C:\WINDOWS\SYSTEM32\DBGHELP.DLL
0x00007ffb64fb0000 - 0x00007ffb64fdc000 	C:\WINDOWS\SYSTEM32\dbgcore.DLL
0x00007ffb7caa0000 - 0x00007ffb7cb22000 	C:\WINDOWS\System32\bcryptPrimitives.dll
0x00007ffb74080000 - 0x00007ffb7408e000 	C:\Program Files\Java\jdk-17.0.2\bin\instrument.dll
0x00007ffb79340000 - 0x00007ffb79365000 	C:\Program Files\Java\jdk-17.0.2\bin\java.dll
0x00007ffb64d80000 - 0x00007ffb64e56000 	C:\Program Files\Java\jdk-17.0.2\bin\jsvml.dll
0x00007ffb7e6a0000 - 0x00007ffb7ede4000 	C:\WINDOWS\System32\SHELL32.dll
0x00007ffb7a920000 - 0x00007ffb7b0b4000 	C:\WINDOWS\SYSTEM32\windows.storage.dll
0x00007ffb7da40000 - 0x00007ffb7dd94000 	C:\WINDOWS\System32\combase.dll
0x00007ffb7c250000 - 0x00007ffb7c27c000 	C:\WINDOWS\SYSTEM32\Wldp.dll
0x00007ffb7dda0000 - 0x00007ffb7de4d000 	C:\WINDOWS\System32\SHCORE.dll
0x00007ffb7e380000 - 0x00007ffb7e3d5000 	C:\WINDOWS\System32\shlwapi.dll
0x00007ffb7c730000 - 0x00007ffb7c74f000 	C:\WINDOWS\SYSTEM32\profapi.dll
0x00007ffb71f10000 - 0x00007ffb71f28000 	C:\Program Files\Java\jdk-17.0.2\bin\zip.dll
0x00007ffb75df0000 - 0x00007ffb75e09000 	C:\Program Files\Java\jdk-17.0.2\bin\net.dll
0x00007ffb77060000 - 0x00007ffb77169000 	C:\WINDOWS\SYSTEM32\WINHTTP.dll
0x00007ffb7bfb0000 - 0x00007ffb7c01a000 	C:\WINDOWS\system32\mswsock.dll
0x00007ffb740b0000 - 0x00007ffb740c6000 	C:\Program Files\Java\jdk-17.0.2\bin\nio.dll
0x00007ffb71ef0000 - 0x00007ffb71f0a000 	C:\Program Files\JetBrains\IntelliJ IDEA 2021.3.2\bin\breakgen64.dll

dbghelp: loaded successfully - version: 4.0.5 - missing functions: none
symbol engine: initialized successfully - sym options: 0x614 - pdb path: .;C:\Program Files\Java\jdk-17.0.2\bin;C:\WINDOWS\SYSTEM32;C:\WINDOWS\WinSxS\amd64_microsoft.windows.common-controls_6595b64144ccf1df_6.0.19041.1110_none_60b5254171f9507e;C:\Program Files\Java\jdk-17.0.2\bin\server;C:\Program Files\JetBrains\IntelliJ IDEA 2021.3.2\bin

VM Arguments:
jvm_args: -javaagent:C:\Program Files\JetBrains\IntelliJ IDEA 2021.3.2\lib\idea_rt.jar=60343:C:\Program Files\JetBrains\IntelliJ IDEA 2021.3.2\bin -Dfile.encoding=UTF-8 
java_command: io.codelex.oop.Exercise2.MainClass
java_class_path (initial): C:\Users\Karlis\Documents\JAVA\Codelex_March\target\classes;C:\Users\Karlis\.m2\repository\org\apache\commons\commons-lang3\3.12.0\commons-lang3-3.12.0.jar
Launcher Type: SUN_STANDARD

[Global flags]
     intx CICompilerCount                          = 4                                         {product} {ergonomic}
     uint ConcGCThreads                            = 3                                         {product} {ergonomic}
     uint G1ConcRefinementThreads                  = 10                                        {product} {ergonomic}
   size_t G1HeapRegionSize                         = 2097152                                   {product} {ergonomic}
    uintx GCDrainStackTargetSize                   = 64                                        {product} {ergonomic}
   size_t InitialHeapSize                          = 268435456                                 {product} {ergonomic}
   size_t MarkStackSize                            = 4194304                                   {product} {ergonomic}
   size_t MaxHeapSize                              = 4282384384                                {product} {ergonomic}
   size_t MaxNewSize                               = 2569011200                                {product} {ergonomic}
   size_t MinHeapDeltaBytes                        = 2097152                                   {product} {ergonomic}
   size_t MinHeapSize                              = 8388608                                   {product} {ergonomic}
    uintx NonNMethodCodeHeapSize                   = 5839372                                {pd product} {ergonomic}
    uintx NonProfiledCodeHeapSize                  = 122909434                              {pd product} {ergonomic}
    uintx ProfiledCodeHeapSize                     = 122909434                              {pd product} {ergonomic}
    uintx ReservedCodeCacheSize                    = 251658240                              {pd product} {ergonomic}
     bool SegmentedCodeCache                       = true                                      {product} {ergonomic}
   size_t SoftMaxHeapSize                          = 4282384384                             {manageable} {ergonomic}
     bool UseCompressedClassPointers               = true                           {product lp64_product} {ergonomic}
     bool UseCompressedOops                        = true                           {product lp64_product} {ergonomic}
     bool UseG1GC                                  = true                                      {product} {ergonomic}
     bool UseLargePagesIndividualAllocation        = false                                  {pd product} {ergonomic}

Logging:
Log output configuration:
 #0: stdout all=warning uptime,level,tags
 #1: stderr all=off uptime,level,tags

Environment Variables:
PATH=C:\Program Files\Common Files\Oracle\Java\javapath;C:\Program Files (x86)\Common Files\Oracle\Java\javapath;C:\Python39\Scripts\;C:\Python39\;C:\Windows\system32;C:\Windows;C:\Windows\System32\Wbem;C:\Windows\System32\WindowsPowerShell\v1.0\;C:\Program Files\NVIDIA Corporation\NVIDIA NvDLISR;C:\Program Files (x86)\NVIDIA Corporation\PhysX\Common;C:\WINDOWS\system32;C:\WINDOWS;C:\WINDOWS\System32\Wbem;C:\WINDOWS\System32\WindowsPowerShell\v1.0\;C:\WINDOWS\System32\OpenSSH\;C:\Program Files\nodejs\;C:\ProgramData\chocolatey\bin;C:\Program Files\Gemalto\Classic Client\BIN;C:\Program Files (x86)\Gemalto\Classic Client\BIN;C:\Program Files (x86)\IDEMIA\AWP\Dlls;C:\Program Files\IDEMIA\AWP\Dlls;C:\Program Files (x86)\eParaksts Token Signing\;C:\Program Files\Git\cmd;C:\Users\Karlis\AppData\Local\Programs\Microsoft VS Code\bin;C:\Users\Karlis\AppData\Local\Microsoft\WindowsApps;C:\Users\Karlis\AppData\Roaming\npm;C:\Program Files\JetBrains\IntelliJ IDEA 2021.3.2\bin
USERNAME=Karlis
OS=Windows_NT
PROCESSOR_IDENTIFIER=AMD64 Family 23 Model 113 Stepping 0, AuthenticAMD



---------------  S Y S T E M  ---------------

OS:
 Windows 10 , 64 bit Build 19041 (10.0.19041.1566)
OS uptime: 0 days 6:16 hours

CPU: total 12 (initial active 12) (12 cores per cpu, 2 threads per core) family 23 model 113 stepping 0 microcode 0x0, cx8, cmov, fxsr, ht, mmx, 3dnowpref, sse, sse2, sse3, ssse3, sse4a, sse4.1, sse4.2, popcnt, lzcnt, tsc, tscinvbit, avx, avx2, aes, clmul, bmi1, bmi2, adx, sha, fma, vzeroupper, clflush, clflushopt

Memory: 4k page, system-wide physical 16332M (4304M free)
TotalPageFile size 65484M (AvailPageFile size 357M)
current process WorkingSet (physical memory assigned to process): 35M, peak: 35M
current process commit charge ("private bytes"): 348M, peak: 348M

vm_info: Java HotSpot(TM) 64-Bit Server VM (17.0.2+8-LTS-86) for windows-amd64 JRE (17.0.2+8-LTS-86), built on Dec  7 2021 21:51:03 by "mach5one" with MS VC++ 16.8 / 16.9 (VS2019)

END.
